<?xml version="1.0" encoding="UTF-8"?>
<!-- Generated by org.testng.reporters.JUnitXMLReporter -->
<testsuite hostname="v2mumpc0464" ignored="0" name="HLT_23_Verify_ProductsLicenses" tests="1" failures="0" timestamp="31 Jan 2019 22:34:49 GMT" time="0.079" errors="0">
  <testcase name="verify_ProductsLicenses" time="0.0" classname="in.v2solutions.hybrid.testcases.HLT_23_Verify_ProductsLicenses">
    <skipped/>
  </testcase> <!-- verify_ProductsLicenses -->
</testsuite> <!-- HLT_23_Verify_ProductsLicenses -->
