<?xml version="1.0" encoding="UTF-8"?>
<!-- Generated by org.testng.reporters.JUnitXMLReporter -->
<testsuite hostname="v2mumpc0464" ignored="0" name="HLT_16_Verify_SearchOperationForDatabaseListAndArchiveLogs" tests="1" failures="0" timestamp="31 Jan 2019 22:34:49 GMT" time="0.093" errors="0">
  <testcase name="verify_SearchOperationForDatabaseListAndArchiveLogs" time="0.0" classname="in.v2solutions.hybrid.testcases.HLT_16_Verify_SearchOperationForDatabaseListAndArchiveLogs">
    <skipped/>
  </testcase> <!-- verify_SearchOperationForDatabaseListAndArchiveLogs -->
</testsuite> <!-- HLT_16_Verify_SearchOperationForDatabaseListAndArchiveLogs -->
