<?xml version="1.0" encoding="UTF-8"?>
<!-- Generated by org.testng.reporters.JUnitXMLReporter -->
<testsuite hostname="v2mumpc0464" ignored="0" name="HLT_03_Verify_AddViewEditSearchAndDeleteFunctionalitiesForUserGroups" tests="1" failures="0" timestamp="31 Jan 2019 22:30:43 GMT" time="0.141" errors="0">
  <testcase name="verify_AddViewEditSearchAndDeleteFunctionalitiesForUserGroups" time="0.0" classname="in.v2solutions.hybrid.testcases.HLT_03_Verify_AddViewEditSearchAndDeleteFunctionalitiesForUserGroups">
    <skipped/>
  </testcase> <!-- verify_AddViewEditSearchAndDeleteFunctionalitiesForUserGroups -->
</testsuite> <!-- HLT_03_Verify_AddViewEditSearchAndDeleteFunctionalitiesForUserGroups -->
