<?xml version="1.0" encoding="UTF-8"?>
<!-- Generated by org.testng.reporters.JUnitXMLReporter -->
<testsuite hostname="v2mumpc0464" ignored="0" name="HLT_11_Verify_ManageTransferActions" tests="1" failures="0" timestamp="31 Jan 2019 22:34:48 GMT" time="0.109" errors="0">
  <testcase name="verify_ManageTransferActions" time="0.0" classname="in.v2solutions.hybrid.testcases.HLT_11_Verify_ManageTransferActions">
    <skipped/>
  </testcase> <!-- verify_ManageTransferActions -->
</testsuite> <!-- HLT_11_Verify_ManageTransferActions -->
