<?xml version="1.0" encoding="UTF-8"?>
<!-- Generated by org.testng.reporters.JUnitXMLReporter -->
<testsuite hostname="v2mumpc0464" ignored="0" name="HLT_05_Verify_AddViewEditSearchExportAndDeleteFunctionalitiesForTransferReports" tests="1" failures="0" timestamp="31 Jan 2019 22:30:43 GMT" time="0.094" errors="0">
  <testcase name="verify_AddViewEditSearchExportAndDeleteFunctionalitiesForTransferReports" time="0.0" classname="in.v2solutions.hybrid.testcases.HLT_05_Verify_AddViewEditSearchExportAndDeleteFunctionalitiesForTransferReports">
    <skipped/>
  </testcase> <!-- verify_AddViewEditSearchExportAndDeleteFunctionalitiesForTransferReports -->
</testsuite> <!-- HLT_05_Verify_AddViewEditSearchExportAndDeleteFunctionalitiesForTransferReports -->
