<?xml version="1.0" encoding="UTF-8"?>
<!-- Generated by org.testng.reporters.JUnitXMLReporter -->
<testsuite hostname="v2mumpc0464" ignored="0" name="HLT_18_Verify_UserRolePermissions" tests="1" failures="0" timestamp="31 Jan 2019 22:34:49 GMT" time="0.109" errors="0">
  <testcase name="verify_UserRolePermissions" time="0.015" classname="in.v2solutions.hybrid.testcases.HLT_18_Verify_UserRolePermissions">
    <skipped/>
  </testcase> <!-- verify_UserRolePermissions -->
</testsuite> <!-- HLT_18_Verify_UserRolePermissions -->
