<?xml version="1.0" encoding="UTF-8"?>
<!-- Generated by org.testng.reporters.JUnitXMLReporter -->
<testsuite hostname="v2mumpc0464" ignored="0" name="HLT_46_Verify_CreateNewTransferWithFTPSProtocolAndItsActions" tests="1" failures="0" timestamp="31 Jan 2019 22:34:50 GMT" time="0.062" errors="0">
  <testcase name="verify_CreateNewTransferWithFTPSProtocolAndItsActions" time="0.0" classname="in.v2solutions.hybrid.testcases.HLT_46_Verify_CreateNewTransferWithFTPSProtocolAndItsActions">
    <skipped/>
  </testcase> <!-- verify_CreateNewTransferWithFTPSProtocolAndItsActions -->
</testsuite> <!-- HLT_46_Verify_CreateNewTransferWithFTPSProtocolAndItsActions -->
