<?xml version="1.0" encoding="UTF-8"?>
<!-- Generated by org.testng.reporters.JUnitXMLReporter -->
<testsuite hostname="v2mumpc0464" ignored="0" name="HLT_09_Verify_SearchDetails_TransferHistory" tests="1" failures="0" timestamp="31 Jan 2019 22:34:48 GMT" time="244.392" errors="0">
  <testcase name="verify_SearchDetails_TransferHistory" time="243.507" classname="in.v2solutions.hybrid.testcases.HLT_09_Verify_SearchDetails_TransferHistory"/>
</testsuite> <!-- HLT_09_Verify_SearchDetails_TransferHistory -->
