<?xml version="1.0" encoding="UTF-8"?>
<!-- Generated by org.testng.reporters.JUnitXMLReporter -->
<testsuite hostname="v2mumpc0464" ignored="0" name="HLT_08_Verify_AddViewEditSearchAndDeleteFunctionalitiesForUserReports" tests="1" failures="0" timestamp="31 Jan 2019 22:30:44 GMT" time="0.094" errors="0">
  <testcase name="verify_AddViewEditSearchAndDeleteFunctionalitiesForUserReports" time="0.0" classname="in.v2solutions.hybrid.testcases.HLT_08_Verify_AddViewEditSearchAndDeleteFunctionalitiesForUserReports">
    <skipped/>
  </testcase> <!-- verify_AddViewEditSearchAndDeleteFunctionalitiesForUserReports -->
</testsuite> <!-- HLT_08_Verify_AddViewEditSearchAndDeleteFunctionalitiesForUserReports -->
