<?xml version="1.0" encoding="UTF-8"?>
<!-- Generated by org.testng.reporters.JUnitXMLReporter -->
<testsuite hostname="v2mumpc0464" ignored="0" name="HLT_17_Verify_AdministratorRolePermissions" tests="1" failures="0" timestamp="31 Jan 2019 22:34:49 GMT" time="0.11" errors="0">
  <testcase name="verify_AdministratorRolePermissions" time="0.0" classname="in.v2solutions.hybrid.testcases.HLT_17_Verify_AdministratorRolePermissions">
    <skipped/>
  </testcase> <!-- verify_AdministratorRolePermissions -->
</testsuite> <!-- HLT_17_Verify_AdministratorRolePermissions -->
