<?xml version="1.0" encoding="UTF-8"?>
<!-- Generated by org.testng.reporters.JUnitXMLReporter -->
<testsuite hostname="v2mumpc0464" ignored="0" name="HLT_51_Verify_CreateViewEditDeleteDataForApplicationsModule" tests="1" failures="0" timestamp="31 Jan 2019 22:34:51 GMT" time="0.062" errors="0">
  <testcase name="verify_CreateViewEditDeleteDataForApplicationsModule" time="0.0" classname="in.v2solutions.hybrid.testcases.HLT_51_Verify_CreateViewEditDeleteDataForApplicationsModule">
    <skipped/>
  </testcase> <!-- verify_CreateViewEditDeleteDataForApplicationsModule -->
</testsuite> <!-- HLT_51_Verify_CreateViewEditDeleteDataForApplicationsModule -->
