<?xml version="1.0" encoding="UTF-8"?>
<!-- Generated by org.testng.reporters.JUnitXMLReporter -->
<testsuite hostname="v2mumpc0464" ignored="0" name="HLT_07_Verify_AddViewEditSearchAndDeleteFunctionalitiesForSystemStatusReports" tests="1" failures="0" timestamp="31 Jan 2019 22:30:44 GMT" time="0.11" errors="0">
  <testcase name="verify_AddViewEditSearchAndDeleteFunctionalitiesForSystemStatusReports" time="0.0" classname="in.v2solutions.hybrid.testcases.HLT_07_Verify_AddViewEditSearchAndDeleteFunctionalitiesForSystemStatusReports">
    <skipped/>
  </testcase> <!-- verify_AddViewEditSearchAndDeleteFunctionalitiesForSystemStatusReports -->
</testsuite> <!-- HLT_07_Verify_AddViewEditSearchAndDeleteFunctionalitiesForSystemStatusReports -->
