<?xml version="1.0" encoding="UTF-8"?>
<!-- Generated by org.testng.reporters.JUnitXMLReporter -->
<testsuite hostname="v2mumpc0464" ignored="0" name="HLT_33_Verify_MetaDatafileForTransfers" tests="1" failures="0" timestamp="31 Jan 2019 22:34:49 GMT" time="0.062" errors="0">
  <testcase name="verify_MetaDatafileForTransfers" time="0.0" classname="in.v2solutions.hybrid.testcases.HLT_33_Verify_MetaDatafileForTransfers">
    <skipped/>
  </testcase> <!-- verify_MetaDatafileForTransfers -->
</testsuite> <!-- HLT_33_Verify_MetaDatafileForTransfers -->
