<?xml version="1.0" encoding="UTF-8"?>
<!-- Generated by org.testng.reporters.JUnitXMLReporter -->
<testsuite hostname="v2mumpc0464" ignored="0" name="HLT_01_Verify_AddViewEditSearchAndDeleteFunctionalitiesForNewUser" tests="1" failures="0" timestamp="31 Jan 2019 22:30:43 GMT" time="0.141" errors="0">
  <testcase name="verify_AddViewEditSearchAndDeleteFunctionalitiesForNewUser" time="0.0" classname="in.v2solutions.hybrid.testcases.HLT_01_Verify_AddViewEditSearchAndDeleteFunctionalitiesForNewUser">
    <skipped/>
  </testcase> <!-- verify_AddViewEditSearchAndDeleteFunctionalitiesForNewUser -->
</testsuite> <!-- HLT_01_Verify_AddViewEditSearchAndDeleteFunctionalitiesForNewUser -->
