<?xml version="1.0" encoding="UTF-8"?>
<!-- Generated by org.testng.reporters.JUnitXMLReporter -->
<testsuite hostname="v2mumpc0464" ignored="0" name="HLT_50_Verify_KeyCompatabilityWhileCreatingTransfer" tests="1" failures="0" timestamp="31 Jan 2019 22:34:50 GMT" time="0.063" errors="0">
  <testcase name="verify_KeyCompatabilityWhileCreatingTransfer" time="0.0" classname="in.v2solutions.hybrid.testcases.HLT_50_Verify_KeyCompatabilityWhileCreatingTransfer">
    <skipped/>
  </testcase> <!-- verify_KeyCompatabilityWhileCreatingTransfer -->
</testsuite> <!-- HLT_50_Verify_KeyCompatabilityWhileCreatingTransfer -->
